<?xml version="1.0" encoding="UTF-8"?>
<!-- Generated by org.testng.reporters.JUnitReportReporter -->
<testsuite hostname="4f1e3fc0911d" name="com.autoSuggestV2.testCases.TC_SearchTest_001" tests="1" failures="0" timestamp="13 May 2022 12:08:57 GMT" time="6.202" errors="0">
  <testcase name="searchPageTest" time="6.202" classname="com.autoSuggestV2.testCases.TC_SearchTest_001"/>
</testsuite> <!-- com.autoSuggestV2.testCases.TC_SearchTest_001 -->
