<?xml version="1.0" encoding="UTF-8"?>
<!-- Generated by org.testng.reporters.JUnitReportReporter -->
<testsuite hostname="4f1e3fc0911d" name="com.autoSuggestV2.testCases.TC_GoogleHomeTest_001" tests="1" failures="0" timestamp="13 May 2022 12:08:57 GMT" time="15.203" errors="0">
  <testcase name="HomepageTest" time="15.203" classname="com.autoSuggestV2.testCases.TC_GoogleHomeTest_001"/>
</testsuite> <!-- com.autoSuggestV2.testCases.TC_GoogleHomeTest_001 -->
