<?xml version="1.0" encoding="UTF-8"?>
<!-- Generated by org.testng.reporters.JUnitReportReporter -->
<testsuite hostname="b2e26c4cd342" name="com.autoSuggestV2.testCases.TC_GoogleHomeTest_001" tests="1" failures="0" timestamp="11 May 2022 15:16:17 GMT" time="2.911" errors="0">
  <testcase name="HomepageTest" time="2.911" classname="com.autoSuggestV2.testCases.TC_GoogleHomeTest_001"/>
</testsuite> <!-- com.autoSuggestV2.testCases.TC_GoogleHomeTest_001 -->
