<?xml version="1.0" encoding="UTF-8"?>
<!-- Generated by org.testng.reporters.JUnitReportReporter -->
<testsuite hostname="b2e26c4cd342" name="com.autoSuggestV2.testCases.TC_SearchTest_001" tests="1" failures="0" timestamp="11 May 2022 15:16:17 GMT" time="4.885" errors="0">
  <testcase name="searchPageTest" time="4.885" classname="com.autoSuggestV2.testCases.TC_SearchTest_001"/>
</testsuite> <!-- com.autoSuggestV2.testCases.TC_SearchTest_001 -->
