<?xml version="1.0" encoding="UTF-8"?>
<!-- Generated by org.testng.reporters.JUnitReportReporter -->
<testsuite hostname="Srinivas" name="com.autoSuggestV2.testCases.TC_SearchTest_001" tests="1" failures="0" timestamp="13 May 2022 10:01:21 GMT" time="2.969" errors="0">
  <testcase name="searchPageTest" time="2.969" classname="com.autoSuggestV2.testCases.TC_SearchTest_001"/>
</testsuite> <!-- com.autoSuggestV2.testCases.TC_SearchTest_001 -->
