<?xml version="1.0" encoding="UTF-8"?>
<!-- Generated by org.testng.reporters.JUnitReportReporter -->
<testsuite hostname="Srinivas" name="com.autoSuggestV2.testCases.TC_GoogleHomeTest_001" tests="1" failures="0" timestamp="13 May 2022 10:01:21 GMT" time="2.960" errors="0">
  <testcase name="HomepageTest" time="2.960" classname="com.autoSuggestV2.testCases.TC_GoogleHomeTest_001"/>
</testsuite> <!-- com.autoSuggestV2.testCases.TC_GoogleHomeTest_001 -->
